<?xml version="1.0" encoding="UTF-8"?>
<!-- Generated by org.testng.reporters.JUnitReportReporter -->
<testsuite skipped="0" hostname="Saifurs-MacBook-Air.local" name="BlueFlyTest" tests="1" failures="0" timestamp="01 Aug 2018 01:27:48 GMT" time="0.200" errors="0">
  <testcase name="testBlueFlySignIn" time="0.200" classname="BlueFlyTest"/>
</testsuite> <!-- BlueFlyTest -->
