<?xml version="1.0" encoding="UTF-8"?>
<!-- Generated by org.testng.reporters.JUnitReportReporter -->
<testsuite skipped="0" hostname="Saifurs-MacBook-Air.local" name="BrowserTest" tests="2" failures="0" timestamp="04 Aug 2018 15:17:52 GMT" time="1.017" errors="0">
  <testcase name="testme" time="1.009" classname="BrowserTest"/>
  <testcase name="testLogin" time="0.008" classname="BrowserTest"/>
</testsuite> <!-- BrowserTest -->
